Repo root: /gpfs/home2/scur0200/main
STABLEWM_HOME: /scratch-shared/scur0200/stablewm_data
Checkpoint name: hi_lewm_p2_train_latent_action_dim_32_stride_5_n4_22569364_epoch_15
Run name: hi_lewm_p2_train_latent_action_dim_32_stride_5_n4_22569364
Checkpoint epoch: 15
Checkpoint object: /scratch-shared/scur0200/stablewm_data/runs/hi_lewm_p2_train_latent_action_dim_32_stride_5_n4_22569364/hi_lewm_p2_train_latent_action_dim_32_stride_5_n4_22569364_epoch_15_object.ckpt
Policy arg for hi_eval.py: runs/hi_lewm_p2_train_latent_action_dim_32_stride_5_n4_22569364/hi_lewm_p2_train_latent_action_dim_32_stride_5_n4_22569364_epoch_15
Config name: hi_pusht
Goal offset steps (d): 25
Eval budget: 50
Eval device: cpu
Planning mode: hierarchical_staged
High-level planner: horizon=2, receding=1, block=1, samples=1500, iters=40, topk=10
Low-level planner: horizon=2, receding=1, block=5, samples=900, iters=20, topk=150
Stage duration override: auto (derived inside hi_eval.py)
Output subdir: eval_hier_staged_d25_job_22605300

==> Launching staged diagnostic command:
  python  hi_eval.py  --config-name=hi_pusht  policy=runs/hi_lewm_p2_train_latent_action_dim_32_stride_5_n4_22569364/hi_lewm_p2_train_latent_action_dim_32_stride_5_n4_22569364_epoch_15  planning.mode=hierarchical_staged  eval.goal_offset_steps=25  eval.eval_budget=50  output.subdir=eval_hier_staged_d25_job_22605300  output.filename=hi_lewm_p2_train_latent_action_dim_32_stride_5_n4_22569364_epoch_15_hi_pusht_results_d25_staged.txt  planning.high.solver.device=cpu  planning.low.solver.device=cpu  solver.device=cpu  planning.high.solver.num_samples=1500  planning.high.solver.n_steps=40  planning.high.solver.topk=10  planning.high.plan_config.horizon=2  planning.high.plan_config.receding_horizon=1  planning.high.plan_config.action_block=1  planning.high.replan_interval=5  planning.low.solver.num_samples=900  planning.low.solver.n_steps=20  planning.low.solver.topk=150  planning.low.plan_config.horizon=2  planning.low.plan_config.receding_horizon=1  planning.low.plan_config.action_block=5

14:42:46.702 | INFO    (186144, stable_worldmodel.world) | 🌍🌍🌍 World swm/PushT-v1 initialized 🌍🌍🌍
14:42:46.702 | INFO    (186144, stable_worldmodel.world) | 🕹️ 🕹️ 🕹️ Action space 🕹️ 🕹️ 🕹️
14:42:46.702 | INFO    (186144, stable_worldmodel.world) | Box(-1.0, 1.0, (50, 2), float32)
14:42:46.703 | INFO    (186144, stable_worldmodel.world) | 👁️ 👁️ 👁️ Observation space 👁️ 👁️ 👁️
14:42:46.703 | INFO    (186144, stable_worldmodel.world) | Dict('proprio': Box(0.0, 512.0, (50, 4), float64), 'state': Box(0.0, [[512.         512.         512.         512.           6.28318531
  512.         512.        ]
 [512.         512.         512.         512.           6.28318531
  512.         512.        ]
 [512.         512.         512.         512.           6.28318531
  512.         512.        ]
 [512.         512.         512.         512.           6.28318531
  512.         512.        ]
 [512.         512.         512.         512.           6.28318531
  512.         512.        ]
 [512.         512.         512.         512.           6.28318531
  512.         512.        ]
 [512.         512.         512.         512.           6.28318531
  512.         512.        ]
 [512.         512.         512.         512.           6.28318531
  512.         512.        ]
 [512.         512.         512.         512.           6.28318531
  512.         512.        ]
 [512.         512.         512.         512.           6.28318531
  512.         512.        ]
 [512.         512.         512.         512.           6.28318531
  512.         512.        ]
 [512.         512.         512.         512.           6.28318531
  512.         512.        ]
 [512.         512.         512.         512.           6.28318531
  512.         512.        ]
 [512.         512.         512.         512.           6.28318531
  512.         512.        ]
 [512.         512.         512.         512.           6.28318531
  512.         512.        ]
 [512.         512.         512.         512.           6.28318531
  512.         512.        ]
 [512.         512.         512.         512.           6.28318531
  512.         512.        ]
 [512.         512.         512.         512.           6.28318531
  512.         512.        ]
 [512.         512.         512.         512.           6.28318531
  512.         512.        ]
 [512.         512.         512.         512.           6.28318531
  512.         512.        ]
 [512.         512.         512.         512.           6.28318531
  512.         512.        ]
 [512.         512.         512.         512.           6.28318531
  512.         512.        ]
 [512.         512.         512.         512.           6.28318531
  512.         512.        ]
 [512.         512.         512.         512.           6.28318531
  512.         512.        ]
 [512.         512.         512.         512.           6.28318531
  512.         512.        ]
 [512.         512.         512.         512.           6.28318531
  512.         512.        ]
 [512.         512.         512.         512.           6.28318531
  512.         512.        ]
 [512.         512.         512.         512.           6.28318531
  512.         512.        ]
 [512.         512.         512.         512.           6.28318531
  512.         512.        ]
 [512.         512.         512.         512.           6.28318531
  512.         512.        ]
 [512.         512.         512.         512.           6.28318531
  512.         512.        ]
 [512.         512.         512.         512.           6.28318531
  512.         512.        ]
 [512.         512.         512.         512.           6.28318531
  512.         512.        ]
 [512.         512.         512.         512.           6.28318531
  512.         512.        ]
 [512.         512.         512.         512.           6.28318531
  512.         512.        ]
 [512.         512.         512.         512.           6.28318531
  512.         512.        ]
 [512.         512.         512.         512.           6.28318531
  512.         512.        ]
 [512.         512.         512.         512.           6.28318531
  512.         512.        ]
 [512.         512.         512.         512.           6.28318531
  512.         512.        ]
 [512.         512.         512.         512.           6.28318531
  512.         512.        ]
 [512.         512.         512.         512.           6.28318531
  512.         512.        ]
 [512.         512.         512.         512.           6.28318531
  512.         512.        ]
 [512.         512.         512.         512.           6.28318531
  512.         512.        ]
 [512.         512.         512.         512.           6.28318531
  512.         512.        ]
 [512.         512.         512.         512.           6.28318531
  512.         512.        ]
 [512.         512.         512.         512.           6.28318531
  512.         512.        ]
 [512.         512.         512.         512.           6.28318531
  512.         512.        ]
 [512.         512.         512.         512.           6.28318531
  512.         512.        ]
 [512.         512.         512.         512.           6.28318531
  512.         512.        ]
 [512.         512.         512.         512.           6.28318531
  512.         512.        ]], (50, 7), float64))
14:42:46.704 | INFO    (186144, stable_worldmodel.world) | ⚗️ ⚗️ ⚗️ Variation space ⚗️ ⚗️ ⚗️
agent:
    angle: Box(-6.283185307179586, 6.283185307179586, (), float64)
    color: Box(0, 255, (3,), uint8)
    scale: Box(20.0, 60.0, (), float32)
    shape: Discrete(8)
    start_position: Box(50.0, 450.0, (2,), float64)
    velocity: Box(0.0, 512.0, (2,), float64)
background:
    color: Box(0, 255, (3,), uint8)
block:
    angle: Box(-6.283185307179586, 6.283185307179586, (), float64)
    color: Box(0, 255, (3,), uint8)
    scale: Box(20.0, 60.0, (), float32)
    shape: Discrete(7, start=1)
    start_position: Box(100.0, 400.0, (2,), float64)
goal:
    angle: Box(-6.283185307179586, 6.283185307179586, (), float64)
    color: Box(0, 255, (3,), uint8)
    position: Box(50.0, 450.0, (2,), float64)
    scale: Box(20.0, 60.0, (), float32)
rendering:
    render_goal: Discrete(2)
[2026-05-09 14:43:08,392][root][INFO] - Cached 'action' from '/scratch-shared/scur0200/stablewm_data/pusht_expert_train.h5'
[2026-05-09 14:43:26,104][root][INFO] - Cached 'proprio' from '/scratch-shared/scur0200/stablewm_data/pusht_expert_train.h5'
[2026-05-09 14:43:48,699][root][INFO] - Cached 'state' from '/scratch-shared/scur0200/stablewm_data/pusht_expert_train.h5'
[hi_eval] calibrated high-level latent bounds (chunks=2048, chunk_len=5)
[hi_eval] staged high-level plan (num_stage_targets=2, stage_duration_steps=13, clear_low_buffer_on_stage_change=True)
1869611 valid starting points found for evaluation.
CEM solve time: 872.1287 seconds
CEM solve time: 276.0413 seconds
CEM solve time: 275.3839 seconds
CEM solve time: 275.9743 seconds
CEM solve time: 274.1164 seconds
CEM solve time: 276.0634 seconds
CEM solve time: 275.4135 seconds
CEM solve time: 273.1263 seconds
CEM solve time: 273.1293 seconds
CEM solve time: 273.7902 seconds
CEM solve time: 273.1618 seconds
CEM solve time: 273.0664 seconds
Video saved to 
/scratch-shared/scur0200/stablewm_data/runs/hi_lewm_p2_train_latent_action_dim_3
2_stride_5_n4_22569364/eval_hier_staged_d25_job_22605300
{'success_rate': 56.00000000000001, 'episode_successes': array([ True, False, False,  True, False,  True, False,  True,  True,
       False, False,  True,  True, False, False,  True,  True, False,
        True, False,  True,  True,  True, False,  True,  True,  True,
       False,  True, False,  True, False, False,  True,  True, False,
        True,  True, False,  True,  True, False, False,  True,  True,
        True, False,  True, False, False]), 'seeds': None}
==== EPISODE OUTCOMES ====
PASS	eval_index=0	episode_id=1235	start_step=36	video_path=/scratch-shared/scur0200/stablewm_data/runs/hi_lewm_p2_train_latent_action_dim_32_stride_5_n4_22569364/eval_hier_staged_d25_job_22605300/rollout_0.mp4
FAIL	eval_index=1	episode_id=1316	start_step=129	video_path=/scratch-shared/scur0200/stablewm_data/runs/hi_lewm_p2_train_latent_action_dim_32_stride_5_n4_22569364/eval_hier_staged_d25_job_22605300/rollout_1.mp4
FAIL	eval_index=2	episode_id=1639	start_step=40	video_path=/scratch-shared/scur0200/stablewm_data/runs/hi_lewm_p2_train_latent_action_dim_32_stride_5_n4_22569364/eval_hier_staged_d25_job_22605300/rollout_2.mp4
PASS	eval_index=3	episode_id=1694	start_step=59	video_path=/scratch-shared/scur0200/stablewm_data/runs/hi_lewm_p2_train_latent_action_dim_32_stride_5_n4_22569364/eval_hier_staged_d25_job_22605300/rollout_3.mp4
FAIL	eval_index=4	episode_id=1761	start_step=19	video_path=/scratch-shared/scur0200/stablewm_data/runs/hi_lewm_p2_train_latent_action_dim_32_stride_5_n4_22569364/eval_hier_staged_d25_job_22605300/rollout_4.mp4
PASS	eval_index=5	episode_id=1820	start_step=13	video_path=/scratch-shared/scur0200/stablewm_data/runs/hi_lewm_p2_train_latent_action_dim_32_stride_5_n4_22569364/eval_hier_staged_d25_job_22605300/rollout_5.mp4
FAIL	eval_index=6	episode_id=2635	start_step=114	video_path=/scratch-shared/scur0200/stablewm_data/runs/hi_lewm_p2_train_latent_action_dim_32_stride_5_n4_22569364/eval_hier_staged_d25_job_22605300/rollout_6.mp4
PASS	eval_index=7	episode_id=3184	start_step=115	video_path=/scratch-shared/scur0200/stablewm_data/runs/hi_lewm_p2_train_latent_action_dim_32_stride_5_n4_22569364/eval_hier_staged_d25_job_22605300/rollout_7.mp4
PASS	eval_index=8	episode_id=3517	start_step=2	video_path=/scratch-shared/scur0200/stablewm_data/runs/hi_lewm_p2_train_latent_action_dim_32_stride_5_n4_22569364/eval_hier_staged_d25_job_22605300/rollout_8.mp4
FAIL	eval_index=9	episode_id=3838	start_step=133	video_path=/scratch-shared/scur0200/stablewm_data/runs/hi_lewm_p2_train_latent_action_dim_32_stride_5_n4_22569364/eval_hier_staged_d25_job_22605300/rollout_9.mp4
FAIL	eval_index=10	episode_id=4299	start_step=20	video_path=/scratch-shared/scur0200/stablewm_data/runs/hi_lewm_p2_train_latent_action_dim_32_stride_5_n4_22569364/eval_hier_staged_d25_job_22605300/rollout_10.mp4
PASS	eval_index=11	episode_id=5123	start_step=126	video_path=/scratch-shared/scur0200/stablewm_data/runs/hi_lewm_p2_train_latent_action_dim_32_stride_5_n4_22569364/eval_hier_staged_d25_job_22605300/rollout_11.mp4
PASS	eval_index=12	episode_id=6651	start_step=49	video_path=/scratch-shared/scur0200/stablewm_data/runs/hi_lewm_p2_train_latent_action_dim_32_stride_5_n4_22569364/eval_hier_staged_d25_job_22605300/rollout_12.mp4
FAIL	eval_index=13	episode_id=6983	start_step=65	video_path=/scratch-shared/scur0200/stablewm_data/runs/hi_lewm_p2_train_latent_action_dim_32_stride_5_n4_22569364/eval_hier_staged_d25_job_22605300/rollout_13.mp4
FAIL	eval_index=14	episode_id=7572	start_step=117	video_path=/scratch-shared/scur0200/stablewm_data/runs/hi_lewm_p2_train_latent_action_dim_32_stride_5_n4_22569364/eval_hier_staged_d25_job_22605300/rollout_14.mp4
PASS	eval_index=15	episode_id=8235	start_step=10	video_path=/scratch-shared/scur0200/stablewm_data/runs/hi_lewm_p2_train_latent_action_dim_32_stride_5_n4_22569364/eval_hier_staged_d25_job_22605300/rollout_15.mp4
PASS	eval_index=16	episode_id=8313	start_step=130	video_path=/scratch-shared/scur0200/stablewm_data/runs/hi_lewm_p2_train_latent_action_dim_32_stride_5_n4_22569364/eval_hier_staged_d25_job_22605300/rollout_16.mp4
FAIL	eval_index=17	episode_id=8373	start_step=102	video_path=/scratch-shared/scur0200/stablewm_data/runs/hi_lewm_p2_train_latent_action_dim_32_stride_5_n4_22569364/eval_hier_staged_d25_job_22605300/rollout_17.mp4
PASS	eval_index=18	episode_id=8408	start_step=89	video_path=/scratch-shared/scur0200/stablewm_data/runs/hi_lewm_p2_train_latent_action_dim_32_stride_5_n4_22569364/eval_hier_staged_d25_job_22605300/rollout_18.mp4
FAIL	eval_index=19	episode_id=8486	start_step=37	video_path=/scratch-shared/scur0200/stablewm_data/runs/hi_lewm_p2_train_latent_action_dim_32_stride_5_n4_22569364/eval_hier_staged_d25_job_22605300/rollout_19.mp4
PASS	eval_index=20	episode_id=8488	start_step=20	video_path=/scratch-shared/scur0200/stablewm_data/runs/hi_lewm_p2_train_latent_action_dim_32_stride_5_n4_22569364/eval_hier_staged_d25_job_22605300/rollout_20.mp4
PASS	eval_index=21	episode_id=9591	start_step=26	video_path=/scratch-shared/scur0200/stablewm_data/runs/hi_lewm_p2_train_latent_action_dim_32_stride_5_n4_22569364/eval_hier_staged_d25_job_22605300/rollout_21.mp4
PASS	eval_index=22	episode_id=9864	start_step=51	video_path=/scratch-shared/scur0200/stablewm_data/runs/hi_lewm_p2_train_latent_action_dim_32_stride_5_n4_22569364/eval_hier_staged_d25_job_22605300/rollout_22.mp4
FAIL	eval_index=23	episode_id=10117	start_step=136	video_path=/scratch-shared/scur0200/stablewm_data/runs/hi_lewm_p2_train_latent_action_dim_32_stride_5_n4_22569364/eval_hier_staged_d25_job_22605300/rollout_23.mp4
PASS	eval_index=24	episode_id=10378	start_step=28	video_path=/scratch-shared/scur0200/stablewm_data/runs/hi_lewm_p2_train_latent_action_dim_32_stride_5_n4_22569364/eval_hier_staged_d25_job_22605300/rollout_24.mp4
PASS	eval_index=25	episode_id=10489	start_step=33	video_path=/scratch-shared/scur0200/stablewm_data/runs/hi_lewm_p2_train_latent_action_dim_32_stride_5_n4_22569364/eval_hier_staged_d25_job_22605300/rollout_25.mp4
PASS	eval_index=26	episode_id=11775	start_step=26	video_path=/scratch-shared/scur0200/stablewm_data/runs/hi_lewm_p2_train_latent_action_dim_32_stride_5_n4_22569364/eval_hier_staged_d25_job_22605300/rollout_26.mp4
FAIL	eval_index=27	episode_id=12047	start_step=95	video_path=/scratch-shared/scur0200/stablewm_data/runs/hi_lewm_p2_train_latent_action_dim_32_stride_5_n4_22569364/eval_hier_staged_d25_job_22605300/rollout_27.mp4
PASS	eval_index=28	episode_id=12221	start_step=47	video_path=/scratch-shared/scur0200/stablewm_data/runs/hi_lewm_p2_train_latent_action_dim_32_stride_5_n4_22569364/eval_hier_staged_d25_job_22605300/rollout_28.mp4
FAIL	eval_index=29	episode_id=12591	start_step=156	video_path=/scratch-shared/scur0200/stablewm_data/runs/hi_lewm_p2_train_latent_action_dim_32_stride_5_n4_22569364/eval_hier_staged_d25_job_22605300/rollout_29.mp4
PASS	eval_index=30	episode_id=12961	start_step=26	video_path=/scratch-shared/scur0200/stablewm_data/runs/hi_lewm_p2_train_latent_action_dim_32_stride_5_n4_22569364/eval_hier_staged_d25_job_22605300/rollout_30.mp4
FAIL	eval_index=31	episode_id=13029	start_step=33	video_path=/scratch-shared/scur0200/stablewm_data/runs/hi_lewm_p2_train_latent_action_dim_32_stride_5_n4_22569364/eval_hier_staged_d25_job_22605300/rollout_31.mp4
FAIL	eval_index=32	episode_id=13303	start_step=73	video_path=/scratch-shared/scur0200/stablewm_data/runs/hi_lewm_p2_train_latent_action_dim_32_stride_5_n4_22569364/eval_hier_staged_d25_job_22605300/rollout_32.mp4
PASS	eval_index=33	episode_id=13586	start_step=36	video_path=/scratch-shared/scur0200/stablewm_data/runs/hi_lewm_p2_train_latent_action_dim_32_stride_5_n4_22569364/eval_hier_staged_d25_job_22605300/rollout_33.mp4
PASS	eval_index=34	episode_id=14033	start_step=88	video_path=/scratch-shared/scur0200/stablewm_data/runs/hi_lewm_p2_train_latent_action_dim_32_stride_5_n4_22569364/eval_hier_staged_d25_job_22605300/rollout_34.mp4
FAIL	eval_index=35	episode_id=14108	start_step=36	video_path=/scratch-shared/scur0200/stablewm_data/runs/hi_lewm_p2_train_latent_action_dim_32_stride_5_n4_22569364/eval_hier_staged_d25_job_22605300/rollout_35.mp4
PASS	eval_index=36	episode_id=14327	start_step=28	video_path=/scratch-shared/scur0200/stablewm_data/runs/hi_lewm_p2_train_latent_action_dim_32_stride_5_n4_22569364/eval_hier_staged_d25_job_22605300/rollout_36.mp4
PASS	eval_index=37	episode_id=14432	start_step=48	video_path=/scratch-shared/scur0200/stablewm_data/runs/hi_lewm_p2_train_latent_action_dim_32_stride_5_n4_22569364/eval_hier_staged_d25_job_22605300/rollout_37.mp4
FAIL	eval_index=38	episode_id=14474	start_step=99	video_path=/scratch-shared/scur0200/stablewm_data/runs/hi_lewm_p2_train_latent_action_dim_32_stride_5_n4_22569364/eval_hier_staged_d25_job_22605300/rollout_38.mp4
PASS	eval_index=39	episode_id=14526	start_step=127	video_path=/scratch-shared/scur0200/stablewm_data/runs/hi_lewm_p2_train_latent_action_dim_32_stride_5_n4_22569364/eval_hier_staged_d25_job_22605300/rollout_39.mp4
PASS	eval_index=40	episode_id=15277	start_step=43	video_path=/scratch-shared/scur0200/stablewm_data/runs/hi_lewm_p2_train_latent_action_dim_32_stride_5_n4_22569364/eval_hier_staged_d25_job_22605300/rollout_40.mp4
FAIL	eval_index=41	episode_id=15435	start_step=20	video_path=/scratch-shared/scur0200/stablewm_data/runs/hi_lewm_p2_train_latent_action_dim_32_stride_5_n4_22569364/eval_hier_staged_d25_job_22605300/rollout_41.mp4
FAIL	eval_index=42	episode_id=15701	start_step=34	video_path=/scratch-shared/scur0200/stablewm_data/runs/hi_lewm_p2_train_latent_action_dim_32_stride_5_n4_22569364/eval_hier_staged_d25_job_22605300/rollout_42.mp4
PASS	eval_index=43	episode_id=16015	start_step=138	video_path=/scratch-shared/scur0200/stablewm_data/runs/hi_lewm_p2_train_latent_action_dim_32_stride_5_n4_22569364/eval_hier_staged_d25_job_22605300/rollout_43.mp4
PASS	eval_index=44	episode_id=16019	start_step=73	video_path=/scratch-shared/scur0200/stablewm_data/runs/hi_lewm_p2_train_latent_action_dim_32_stride_5_n4_22569364/eval_hier_staged_d25_job_22605300/rollout_44.mp4
PASS	eval_index=45	episode_id=16400	start_step=0	video_path=/scratch-shared/scur0200/stablewm_data/runs/hi_lewm_p2_train_latent_action_dim_32_stride_5_n4_22569364/eval_hier_staged_d25_job_22605300/rollout_45.mp4
FAIL	eval_index=46	episode_id=16532	start_step=36	video_path=/scratch-shared/scur0200/stablewm_data/runs/hi_lewm_p2_train_latent_action_dim_32_stride_5_n4_22569364/eval_hier_staged_d25_job_22605300/rollout_46.mp4
PASS	eval_index=47	episode_id=17264	start_step=10	video_path=/scratch-shared/scur0200/stablewm_data/runs/hi_lewm_p2_train_latent_action_dim_32_stride_5_n4_22569364/eval_hier_staged_d25_job_22605300/rollout_47.mp4
FAIL	eval_index=48	episode_id=17939	start_step=41	video_path=/scratch-shared/scur0200/stablewm_data/runs/hi_lewm_p2_train_latent_action_dim_32_stride_5_n4_22569364/eval_hier_staged_d25_job_22605300/rollout_48.mp4
FAIL	eval_index=49	episode_id=18054	start_step=22	video_path=/scratch-shared/scur0200/stablewm_data/runs/hi_lewm_p2_train_latent_action_dim_32_stride_5_n4_22569364/eval_hier_staged_d25_job_22605300/rollout_49.mp4
==== FAILED EPISODES ====
FAIL	eval_index=1	episode_id=1316	start_step=129	video_path=/scratch-shared/scur0200/stablewm_data/runs/hi_lewm_p2_train_latent_action_dim_32_stride_5_n4_22569364/eval_hier_staged_d25_job_22605300/rollout_1.mp4
FAIL	eval_index=2	episode_id=1639	start_step=40	video_path=/scratch-shared/scur0200/stablewm_data/runs/hi_lewm_p2_train_latent_action_dim_32_stride_5_n4_22569364/eval_hier_staged_d25_job_22605300/rollout_2.mp4
FAIL	eval_index=4	episode_id=1761	start_step=19	video_path=/scratch-shared/scur0200/stablewm_data/runs/hi_lewm_p2_train_latent_action_dim_32_stride_5_n4_22569364/eval_hier_staged_d25_job_22605300/rollout_4.mp4
FAIL	eval_index=6	episode_id=2635	start_step=114	video_path=/scratch-shared/scur0200/stablewm_data/runs/hi_lewm_p2_train_latent_action_dim_32_stride_5_n4_22569364/eval_hier_staged_d25_job_22605300/rollout_6.mp4
FAIL	eval_index=9	episode_id=3838	start_step=133	video_path=/scratch-shared/scur0200/stablewm_data/runs/hi_lewm_p2_train_latent_action_dim_32_stride_5_n4_22569364/eval_hier_staged_d25_job_22605300/rollout_9.mp4
FAIL	eval_index=10	episode_id=4299	start_step=20	video_path=/scratch-shared/scur0200/stablewm_data/runs/hi_lewm_p2_train_latent_action_dim_32_stride_5_n4_22569364/eval_hier_staged_d25_job_22605300/rollout_10.mp4
FAIL	eval_index=13	episode_id=6983	start_step=65	video_path=/scratch-shared/scur0200/stablewm_data/runs/hi_lewm_p2_train_latent_action_dim_32_stride_5_n4_22569364/eval_hier_staged_d25_job_22605300/rollout_13.mp4
FAIL	eval_index=14	episode_id=7572	start_step=117	video_path=/scratch-shared/scur0200/stablewm_data/runs/hi_lewm_p2_train_latent_action_dim_32_stride_5_n4_22569364/eval_hier_staged_d25_job_22605300/rollout_14.mp4
FAIL	eval_index=17	episode_id=8373	start_step=102	video_path=/scratch-shared/scur0200/stablewm_data/runs/hi_lewm_p2_train_latent_action_dim_32_stride_5_n4_22569364/eval_hier_staged_d25_job_22605300/rollout_17.mp4
FAIL	eval_index=19	episode_id=8486	start_step=37	video_path=/scratch-shared/scur0200/stablewm_data/runs/hi_lewm_p2_train_latent_action_dim_32_stride_5_n4_22569364/eval_hier_staged_d25_job_22605300/rollout_19.mp4
FAIL	eval_index=23	episode_id=10117	start_step=136	video_path=/scratch-shared/scur0200/stablewm_data/runs/hi_lewm_p2_train_latent_action_dim_32_stride_5_n4_22569364/eval_hier_staged_d25_job_22605300/rollout_23.mp4
FAIL	eval_index=27	episode_id=12047	start_step=95	video_path=/scratch-shared/scur0200/stablewm_data/runs/hi_lewm_p2_train_latent_action_dim_32_stride_5_n4_22569364/eval_hier_staged_d25_job_22605300/rollout_27.mp4
FAIL	eval_index=29	episode_id=12591	start_step=156	video_path=/scratch-shared/scur0200/stablewm_data/runs/hi_lewm_p2_train_latent_action_dim_32_stride_5_n4_22569364/eval_hier_staged_d25_job_22605300/rollout_29.mp4
FAIL	eval_index=31	episode_id=13029	start_step=33	video_path=/scratch-shared/scur0200/stablewm_data/runs/hi_lewm_p2_train_latent_action_dim_32_stride_5_n4_22569364/eval_hier_staged_d25_job_22605300/rollout_31.mp4
FAIL	eval_index=32	episode_id=13303	start_step=73	video_path=/scratch-shared/scur0200/stablewm_data/runs/hi_lewm_p2_train_latent_action_dim_32_stride_5_n4_22569364/eval_hier_staged_d25_job_22605300/rollout_32.mp4
FAIL	eval_index=35	episode_id=14108	start_step=36	video_path=/scratch-shared/scur0200/stablewm_data/runs/hi_lewm_p2_train_latent_action_dim_32_stride_5_n4_22569364/eval_hier_staged_d25_job_22605300/rollout_35.mp4
FAIL	eval_index=38	episode_id=14474	start_step=99	video_path=/scratch-shared/scur0200/stablewm_data/runs/hi_lewm_p2_train_latent_action_dim_32_stride_5_n4_22569364/eval_hier_staged_d25_job_22605300/rollout_38.mp4
FAIL	eval_index=41	episode_id=15435	start_step=20	video_path=/scratch-shared/scur0200/stablewm_data/runs/hi_lewm_p2_train_latent_action_dim_32_stride_5_n4_22569364/eval_hier_staged_d25_job_22605300/rollout_41.mp4
FAIL	eval_index=42	episode_id=15701	start_step=34	video_path=/scratch-shared/scur0200/stablewm_data/runs/hi_lewm_p2_train_latent_action_dim_32_stride_5_n4_22569364/eval_hier_staged_d25_job_22605300/rollout_42.mp4
FAIL	eval_index=46	episode_id=16532	start_step=36	video_path=/scratch-shared/scur0200/stablewm_data/runs/hi_lewm_p2_train_latent_action_dim_32_stride_5_n4_22569364/eval_hier_staged_d25_job_22605300/rollout_46.mp4
FAIL	eval_index=48	episode_id=17939	start_step=41	video_path=/scratch-shared/scur0200/stablewm_data/runs/hi_lewm_p2_train_latent_action_dim_32_stride_5_n4_22569364/eval_hier_staged_d25_job_22605300/rollout_48.mp4
FAIL	eval_index=49	episode_id=18054	start_step=22	video_path=/scratch-shared/scur0200/stablewm_data/runs/hi_lewm_p2_train_latent_action_dim_32_stride_5_n4_22569364/eval_hier_staged_d25_job_22605300/rollout_49.mp4
==== PASSED EPISODES ====
PASS	eval_index=0	episode_id=1235	start_step=36	video_path=/scratch-shared/scur0200/stablewm_data/runs/hi_lewm_p2_train_latent_action_dim_32_stride_5_n4_22569364/eval_hier_staged_d25_job_22605300/rollout_0.mp4
PASS	eval_index=3	episode_id=1694	start_step=59	video_path=/scratch-shared/scur0200/stablewm_data/runs/hi_lewm_p2_train_latent_action_dim_32_stride_5_n4_22569364/eval_hier_staged_d25_job_22605300/rollout_3.mp4
PASS	eval_index=5	episode_id=1820	start_step=13	video_path=/scratch-shared/scur0200/stablewm_data/runs/hi_lewm_p2_train_latent_action_dim_32_stride_5_n4_22569364/eval_hier_staged_d25_job_22605300/rollout_5.mp4
PASS	eval_index=7	episode_id=3184	start_step=115	video_path=/scratch-shared/scur0200/stablewm_data/runs/hi_lewm_p2_train_latent_action_dim_32_stride_5_n4_22569364/eval_hier_staged_d25_job_22605300/rollout_7.mp4
PASS	eval_index=8	episode_id=3517	start_step=2	video_path=/scratch-shared/scur0200/stablewm_data/runs/hi_lewm_p2_train_latent_action_dim_32_stride_5_n4_22569364/eval_hier_staged_d25_job_22605300/rollout_8.mp4
PASS	eval_index=11	episode_id=5123	start_step=126	video_path=/scratch-shared/scur0200/stablewm_data/runs/hi_lewm_p2_train_latent_action_dim_32_stride_5_n4_22569364/eval_hier_staged_d25_job_22605300/rollout_11.mp4
PASS	eval_index=12	episode_id=6651	start_step=49	video_path=/scratch-shared/scur0200/stablewm_data/runs/hi_lewm_p2_train_latent_action_dim_32_stride_5_n4_22569364/eval_hier_staged_d25_job_22605300/rollout_12.mp4
PASS	eval_index=15	episode_id=8235	start_step=10	video_path=/scratch-shared/scur0200/stablewm_data/runs/hi_lewm_p2_train_latent_action_dim_32_stride_5_n4_22569364/eval_hier_staged_d25_job_22605300/rollout_15.mp4
PASS	eval_index=16	episode_id=8313	start_step=130	video_path=/scratch-shared/scur0200/stablewm_data/runs/hi_lewm_p2_train_latent_action_dim_32_stride_5_n4_22569364/eval_hier_staged_d25_job_22605300/rollout_16.mp4
PASS	eval_index=18	episode_id=8408	start_step=89	video_path=/scratch-shared/scur0200/stablewm_data/runs/hi_lewm_p2_train_latent_action_dim_32_stride_5_n4_22569364/eval_hier_staged_d25_job_22605300/rollout_18.mp4
PASS	eval_index=20	episode_id=8488	start_step=20	video_path=/scratch-shared/scur0200/stablewm_data/runs/hi_lewm_p2_train_latent_action_dim_32_stride_5_n4_22569364/eval_hier_staged_d25_job_22605300/rollout_20.mp4
PASS	eval_index=21	episode_id=9591	start_step=26	video_path=/scratch-shared/scur0200/stablewm_data/runs/hi_lewm_p2_train_latent_action_dim_32_stride_5_n4_22569364/eval_hier_staged_d25_job_22605300/rollout_21.mp4
PASS	eval_index=22	episode_id=9864	start_step=51	video_path=/scratch-shared/scur0200/stablewm_data/runs/hi_lewm_p2_train_latent_action_dim_32_stride_5_n4_22569364/eval_hier_staged_d25_job_22605300/rollout_22.mp4
PASS	eval_index=24	episode_id=10378	start_step=28	video_path=/scratch-shared/scur0200/stablewm_data/runs/hi_lewm_p2_train_latent_action_dim_32_stride_5_n4_22569364/eval_hier_staged_d25_job_22605300/rollout_24.mp4
PASS	eval_index=25	episode_id=10489	start_step=33	video_path=/scratch-shared/scur0200/stablewm_data/runs/hi_lewm_p2_train_latent_action_dim_32_stride_5_n4_22569364/eval_hier_staged_d25_job_22605300/rollout_25.mp4
PASS	eval_index=26	episode_id=11775	start_step=26	video_path=/scratch-shared/scur0200/stablewm_data/runs/hi_lewm_p2_train_latent_action_dim_32_stride_5_n4_22569364/eval_hier_staged_d25_job_22605300/rollout_26.mp4
PASS	eval_index=28	episode_id=12221	start_step=47	video_path=/scratch-shared/scur0200/stablewm_data/runs/hi_lewm_p2_train_latent_action_dim_32_stride_5_n4_22569364/eval_hier_staged_d25_job_22605300/rollout_28.mp4
PASS	eval_index=30	episode_id=12961	start_step=26	video_path=/scratch-shared/scur0200/stablewm_data/runs/hi_lewm_p2_train_latent_action_dim_32_stride_5_n4_22569364/eval_hier_staged_d25_job_22605300/rollout_30.mp4
PASS	eval_index=33	episode_id=13586	start_step=36	video_path=/scratch-shared/scur0200/stablewm_data/runs/hi_lewm_p2_train_latent_action_dim_32_stride_5_n4_22569364/eval_hier_staged_d25_job_22605300/rollout_33.mp4
PASS	eval_index=34	episode_id=14033	start_step=88	video_path=/scratch-shared/scur0200/stablewm_data/runs/hi_lewm_p2_train_latent_action_dim_32_stride_5_n4_22569364/eval_hier_staged_d25_job_22605300/rollout_34.mp4
PASS	eval_index=36	episode_id=14327	start_step=28	video_path=/scratch-shared/scur0200/stablewm_data/runs/hi_lewm_p2_train_latent_action_dim_32_stride_5_n4_22569364/eval_hier_staged_d25_job_22605300/rollout_36.mp4
PASS	eval_index=37	episode_id=14432	start_step=48	video_path=/scratch-shared/scur0200/stablewm_data/runs/hi_lewm_p2_train_latent_action_dim_32_stride_5_n4_22569364/eval_hier_staged_d25_job_22605300/rollout_37.mp4
PASS	eval_index=39	episode_id=14526	start_step=127	video_path=/scratch-shared/scur0200/stablewm_data/runs/hi_lewm_p2_train_latent_action_dim_32_stride_5_n4_22569364/eval_hier_staged_d25_job_22605300/rollout_39.mp4
PASS	eval_index=40	episode_id=15277	start_step=43	video_path=/scratch-shared/scur0200/stablewm_data/runs/hi_lewm_p2_train_latent_action_dim_32_stride_5_n4_22569364/eval_hier_staged_d25_job_22605300/rollout_40.mp4
PASS	eval_index=43	episode_id=16015	start_step=138	video_path=/scratch-shared/scur0200/stablewm_data/runs/hi_lewm_p2_train_latent_action_dim_32_stride_5_n4_22569364/eval_hier_staged_d25_job_22605300/rollout_43.mp4
PASS	eval_index=44	episode_id=16019	start_step=73	video_path=/scratch-shared/scur0200/stablewm_data/runs/hi_lewm_p2_train_latent_action_dim_32_stride_5_n4_22569364/eval_hier_staged_d25_job_22605300/rollout_44.mp4
PASS	eval_index=45	episode_id=16400	start_step=0	video_path=/scratch-shared/scur0200/stablewm_data/runs/hi_lewm_p2_train_latent_action_dim_32_stride_5_n4_22569364/eval_hier_staged_d25_job_22605300/rollout_45.mp4
PASS	eval_index=47	episode_id=17264	start_step=10	video_path=/scratch-shared/scur0200/stablewm_data/runs/hi_lewm_p2_train_latent_action_dim_32_stride_5_n4_22569364/eval_hier_staged_d25_job_22605300/rollout_47.mp4
Saved episode manifest to /scratch-shared/scur0200/stablewm_data/runs/hi_lewm_p2_train_latent_action_dim_32_stride_5_n4_22569364/eval_hier_staged_d25_job_22605300/hi_lewm_p2_train_latent_action_dim_32_stride_5_n4_22569364_epoch_15_hi_pusht_results_d25_staged_episodes.tsv

Staged diagnostic finished.
