Repo root: /gpfs/home2/scur0200/main
STABLEWM_HOME: /scratch-shared/scur0200/stablewm_data
Checkpoint name: hi_lewm_p2_train_latent_action_dim_32_stride_5_n4_22569364_epoch_15
Run name: hi_lewm_p2_train_latent_action_dim_32_stride_5_n4_22569364
Checkpoint epoch: 15
Checkpoint object: /scratch-shared/scur0200/stablewm_data/runs/hi_lewm_p2_train_latent_action_dim_32_stride_5_n4_22569364/hi_lewm_p2_train_latent_action_dim_32_stride_5_n4_22569364_epoch_15_object.ckpt
Policy arg for hi_eval.py: runs/hi_lewm_p2_train_latent_action_dim_32_stride_5_n4_22569364/hi_lewm_p2_train_latent_action_dim_32_stride_5_n4_22569364_epoch_15
Config name: hi_pusht
Goal offset steps (d): 50
Eval budget: 50
Eval device: cpu
Planning mode: hierarchical_staged
High-level planner: horizon=2, receding=1, block=1, samples=1500, iters=40, topk=10
Low-level planner: horizon=2, receding=1, block=5, samples=900, iters=20, topk=150
Stage duration override: auto (derived inside hi_eval.py)
Output subdir: eval_hier_staged_d50_job_22605291

==> Launching staged diagnostic command:
  python  hi_eval.py  --config-name=hi_pusht  policy=runs/hi_lewm_p2_train_latent_action_dim_32_stride_5_n4_22569364/hi_lewm_p2_train_latent_action_dim_32_stride_5_n4_22569364_epoch_15  planning.mode=hierarchical_staged  eval.goal_offset_steps=50  eval.eval_budget=50  output.subdir=eval_hier_staged_d50_job_22605291  output.filename=hi_lewm_p2_train_latent_action_dim_32_stride_5_n4_22569364_epoch_15_hi_pusht_results_d50_staged.txt  planning.high.solver.device=cpu  planning.low.solver.device=cpu  solver.device=cpu  planning.high.solver.num_samples=1500  planning.high.solver.n_steps=40  planning.high.solver.topk=10  planning.high.plan_config.horizon=2  planning.high.plan_config.receding_horizon=1  planning.high.plan_config.action_block=1  planning.high.replan_interval=5  planning.low.solver.num_samples=900  planning.low.solver.n_steps=20  planning.low.solver.topk=150  planning.low.plan_config.horizon=2  planning.low.plan_config.receding_horizon=1  planning.low.plan_config.action_block=5

14:41:12.533 | INFO    (218940, stable_worldmodel.world) | 🌍🌍🌍 World swm/PushT-v1 initialized 🌍🌍🌍
14:41:12.534 | INFO    (218940, stable_worldmodel.world) | 🕹️ 🕹️ 🕹️ Action space 🕹️ 🕹️ 🕹️
14:41:12.534 | INFO    (218940, stable_worldmodel.world) | Box(-1.0, 1.0, (50, 2), float32)
14:41:12.534 | INFO    (218940, stable_worldmodel.world) | 👁️ 👁️ 👁️ Observation space 👁️ 👁️ 👁️
14:41:12.534 | INFO    (218940, stable_worldmodel.world) | Dict('proprio': Box(0.0, 512.0, (50, 4), float64), 'state': Box(0.0, [[512.         512.         512.         512.           6.28318531
  512.         512.        ]
 [512.         512.         512.         512.           6.28318531
  512.         512.        ]
 [512.         512.         512.         512.           6.28318531
  512.         512.        ]
 [512.         512.         512.         512.           6.28318531
  512.         512.        ]
 [512.         512.         512.         512.           6.28318531
  512.         512.        ]
 [512.         512.         512.         512.           6.28318531
  512.         512.        ]
 [512.         512.         512.         512.           6.28318531
  512.         512.        ]
 [512.         512.         512.         512.           6.28318531
  512.         512.        ]
 [512.         512.         512.         512.           6.28318531
  512.         512.        ]
 [512.         512.         512.         512.           6.28318531
  512.         512.        ]
 [512.         512.         512.         512.           6.28318531
  512.         512.        ]
 [512.         512.         512.         512.           6.28318531
  512.         512.        ]
 [512.         512.         512.         512.           6.28318531
  512.         512.        ]
 [512.         512.         512.         512.           6.28318531
  512.         512.        ]
 [512.         512.         512.         512.           6.28318531
  512.         512.        ]
 [512.         512.         512.         512.           6.28318531
  512.         512.        ]
 [512.         512.         512.         512.           6.28318531
  512.         512.        ]
 [512.         512.         512.         512.           6.28318531
  512.         512.        ]
 [512.         512.         512.         512.           6.28318531
  512.         512.        ]
 [512.         512.         512.         512.           6.28318531
  512.         512.        ]
 [512.         512.         512.         512.           6.28318531
  512.         512.        ]
 [512.         512.         512.         512.           6.28318531
  512.         512.        ]
 [512.         512.         512.         512.           6.28318531
  512.         512.        ]
 [512.         512.         512.         512.           6.28318531
  512.         512.        ]
 [512.         512.         512.         512.           6.28318531
  512.         512.        ]
 [512.         512.         512.         512.           6.28318531
  512.         512.        ]
 [512.         512.         512.         512.           6.28318531
  512.         512.        ]
 [512.         512.         512.         512.           6.28318531
  512.         512.        ]
 [512.         512.         512.         512.           6.28318531
  512.         512.        ]
 [512.         512.         512.         512.           6.28318531
  512.         512.        ]
 [512.         512.         512.         512.           6.28318531
  512.         512.        ]
 [512.         512.         512.         512.           6.28318531
  512.         512.        ]
 [512.         512.         512.         512.           6.28318531
  512.         512.        ]
 [512.         512.         512.         512.           6.28318531
  512.         512.        ]
 [512.         512.         512.         512.           6.28318531
  512.         512.        ]
 [512.         512.         512.         512.           6.28318531
  512.         512.        ]
 [512.         512.         512.         512.           6.28318531
  512.         512.        ]
 [512.         512.         512.         512.           6.28318531
  512.         512.        ]
 [512.         512.         512.         512.           6.28318531
  512.         512.        ]
 [512.         512.         512.         512.           6.28318531
  512.         512.        ]
 [512.         512.         512.         512.           6.28318531
  512.         512.        ]
 [512.         512.         512.         512.           6.28318531
  512.         512.        ]
 [512.         512.         512.         512.           6.28318531
  512.         512.        ]
 [512.         512.         512.         512.           6.28318531
  512.         512.        ]
 [512.         512.         512.         512.           6.28318531
  512.         512.        ]
 [512.         512.         512.         512.           6.28318531
  512.         512.        ]
 [512.         512.         512.         512.           6.28318531
  512.         512.        ]
 [512.         512.         512.         512.           6.28318531
  512.         512.        ]
 [512.         512.         512.         512.           6.28318531
  512.         512.        ]
 [512.         512.         512.         512.           6.28318531
  512.         512.        ]], (50, 7), float64))
14:41:12.535 | INFO    (218940, stable_worldmodel.world) | ⚗️ ⚗️ ⚗️ Variation space ⚗️ ⚗️ ⚗️
agent:
    angle: Box(-6.283185307179586, 6.283185307179586, (), float64)
    color: Box(0, 255, (3,), uint8)
    scale: Box(20.0, 60.0, (), float32)
    shape: Discrete(8)
    start_position: Box(50.0, 450.0, (2,), float64)
    velocity: Box(0.0, 512.0, (2,), float64)
background:
    color: Box(0, 255, (3,), uint8)
block:
    angle: Box(-6.283185307179586, 6.283185307179586, (), float64)
    color: Box(0, 255, (3,), uint8)
    scale: Box(20.0, 60.0, (), float32)
    shape: Discrete(7, start=1)
    start_position: Box(100.0, 400.0, (2,), float64)
goal:
    angle: Box(-6.283185307179586, 6.283185307179586, (), float64)
    color: Box(0, 255, (3,), uint8)
    position: Box(50.0, 450.0, (2,), float64)
    scale: Box(20.0, 60.0, (), float32)
rendering:
    render_goal: Discrete(2)
[2026-05-09 14:41:38,563][root][INFO] - Cached 'action' from '/scratch-shared/scur0200/stablewm_data/pusht_expert_train.h5'
[2026-05-09 14:42:03,804][root][INFO] - Cached 'proprio' from '/scratch-shared/scur0200/stablewm_data/pusht_expert_train.h5'
[2026-05-09 14:42:23,961][root][INFO] - Cached 'state' from '/scratch-shared/scur0200/stablewm_data/pusht_expert_train.h5'
[hi_eval] calibrated high-level latent bounds (chunks=2048, chunk_len=5)
[hi_eval] staged high-level plan (num_stage_targets=2, stage_duration_steps=25, clear_low_buffer_on_stage_change=True)
1402587 valid starting points found for evaluation.
CEM solve time: 870.9126 seconds
CEM solve time: 273.7830 seconds
CEM solve time: 272.8002 seconds
CEM solve time: 272.6773 seconds
CEM solve time: 272.9497 seconds
CEM solve time: 273.1279 seconds
CEM solve time: 272.0044 seconds
CEM solve time: 273.5839 seconds
CEM solve time: 272.7815 seconds
CEM solve time: 273.1727 seconds
CEM solve time: 272.8963 seconds
Video saved to 
/scratch-shared/scur0200/stablewm_data/runs/hi_lewm_p2_train_latent_action_dim_3
2_stride_5_n4_22569364/eval_hier_staged_d50_job_22605291
{'success_rate': 44.0, 'episode_successes': array([ True, False,  True, False, False, False, False,  True,  True,
       False, False,  True,  True, False, False,  True, False, False,
       False, False,  True,  True, False, False,  True, False, False,
        True, False, False,  True,  True, False,  True, False, False,
       False,  True, False, False,  True, False,  True, False,  True,
       False,  True,  True,  True,  True]), 'seeds': None}
==== EPISODE OUTCOMES ====
PASS	eval_index=0	episode_id=1251	start_step=35	video_path=/scratch-shared/scur0200/stablewm_data/runs/hi_lewm_p2_train_latent_action_dim_32_stride_5_n4_22569364/eval_hier_staged_d50_job_22605291/rollout_0.mp4
FAIL	eval_index=1	episode_id=1328	start_step=1	video_path=/scratch-shared/scur0200/stablewm_data/runs/hi_lewm_p2_train_latent_action_dim_32_stride_5_n4_22569364/eval_hier_staged_d50_job_22605291/rollout_1.mp4
PASS	eval_index=2	episode_id=1649	start_step=6	video_path=/scratch-shared/scur0200/stablewm_data/runs/hi_lewm_p2_train_latent_action_dim_32_stride_5_n4_22569364/eval_hier_staged_d50_job_22605291/rollout_2.mp4
FAIL	eval_index=3	episode_id=1702	start_step=30	video_path=/scratch-shared/scur0200/stablewm_data/runs/hi_lewm_p2_train_latent_action_dim_32_stride_5_n4_22569364/eval_hier_staged_d50_job_22605291/rollout_3.mp4
FAIL	eval_index=4	episode_id=1786	start_step=15	video_path=/scratch-shared/scur0200/stablewm_data/runs/hi_lewm_p2_train_latent_action_dim_32_stride_5_n4_22569364/eval_hier_staged_d50_job_22605291/rollout_4.mp4
FAIL	eval_index=5	episode_id=1866	start_step=12	video_path=/scratch-shared/scur0200/stablewm_data/runs/hi_lewm_p2_train_latent_action_dim_32_stride_5_n4_22569364/eval_hier_staged_d50_job_22605291/rollout_5.mp4
FAIL	eval_index=6	episode_id=2702	start_step=60	video_path=/scratch-shared/scur0200/stablewm_data/runs/hi_lewm_p2_train_latent_action_dim_32_stride_5_n4_22569364/eval_hier_staged_d50_job_22605291/rollout_6.mp4
PASS	eval_index=7	episode_id=3211	start_step=65	video_path=/scratch-shared/scur0200/stablewm_data/runs/hi_lewm_p2_train_latent_action_dim_32_stride_5_n4_22569364/eval_hier_staged_d50_job_22605291/rollout_7.mp4
PASS	eval_index=8	episode_id=3557	start_step=24	video_path=/scratch-shared/scur0200/stablewm_data/runs/hi_lewm_p2_train_latent_action_dim_32_stride_5_n4_22569364/eval_hier_staged_d50_job_22605291/rollout_8.mp4
FAIL	eval_index=9	episode_id=3854	start_step=88	video_path=/scratch-shared/scur0200/stablewm_data/runs/hi_lewm_p2_train_latent_action_dim_32_stride_5_n4_22569364/eval_hier_staged_d50_job_22605291/rollout_9.mp4
FAIL	eval_index=10	episode_id=4341	start_step=25	video_path=/scratch-shared/scur0200/stablewm_data/runs/hi_lewm_p2_train_latent_action_dim_32_stride_5_n4_22569364/eval_hier_staged_d50_job_22605291/rollout_10.mp4
PASS	eval_index=11	episode_id=5115	start_step=52	video_path=/scratch-shared/scur0200/stablewm_data/runs/hi_lewm_p2_train_latent_action_dim_32_stride_5_n4_22569364/eval_hier_staged_d50_job_22605291/rollout_11.mp4
PASS	eval_index=12	episode_id=6664	start_step=37	video_path=/scratch-shared/scur0200/stablewm_data/runs/hi_lewm_p2_train_latent_action_dim_32_stride_5_n4_22569364/eval_hier_staged_d50_job_22605291/rollout_12.mp4
FAIL	eval_index=13	episode_id=7009	start_step=39	video_path=/scratch-shared/scur0200/stablewm_data/runs/hi_lewm_p2_train_latent_action_dim_32_stride_5_n4_22569364/eval_hier_staged_d50_job_22605291/rollout_13.mp4
FAIL	eval_index=14	episode_id=7594	start_step=13	video_path=/scratch-shared/scur0200/stablewm_data/runs/hi_lewm_p2_train_latent_action_dim_32_stride_5_n4_22569364/eval_hier_staged_d50_job_22605291/rollout_14.mp4
PASS	eval_index=15	episode_id=8267	start_step=73	video_path=/scratch-shared/scur0200/stablewm_data/runs/hi_lewm_p2_train_latent_action_dim_32_stride_5_n4_22569364/eval_hier_staged_d50_job_22605291/rollout_15.mp4
FAIL	eval_index=16	episode_id=8338	start_step=64	video_path=/scratch-shared/scur0200/stablewm_data/runs/hi_lewm_p2_train_latent_action_dim_32_stride_5_n4_22569364/eval_hier_staged_d50_job_22605291/rollout_16.mp4
FAIL	eval_index=17	episode_id=8396	start_step=15	video_path=/scratch-shared/scur0200/stablewm_data/runs/hi_lewm_p2_train_latent_action_dim_32_stride_5_n4_22569364/eval_hier_staged_d50_job_22605291/rollout_17.mp4
FAIL	eval_index=18	episode_id=8432	start_step=7	video_path=/scratch-shared/scur0200/stablewm_data/runs/hi_lewm_p2_train_latent_action_dim_32_stride_5_n4_22569364/eval_hier_staged_d50_job_22605291/rollout_18.mp4
FAIL	eval_index=19	episode_id=8519	start_step=31	video_path=/scratch-shared/scur0200/stablewm_data/runs/hi_lewm_p2_train_latent_action_dim_32_stride_5_n4_22569364/eval_hier_staged_d50_job_22605291/rollout_19.mp4
PASS	eval_index=20	episode_id=8521	start_step=30	video_path=/scratch-shared/scur0200/stablewm_data/runs/hi_lewm_p2_train_latent_action_dim_32_stride_5_n4_22569364/eval_hier_staged_d50_job_22605291/rollout_20.mp4
PASS	eval_index=21	episode_id=9692	start_step=58	video_path=/scratch-shared/scur0200/stablewm_data/runs/hi_lewm_p2_train_latent_action_dim_32_stride_5_n4_22569364/eval_hier_staged_d50_job_22605291/rollout_21.mp4
FAIL	eval_index=22	episode_id=9945	start_step=66	video_path=/scratch-shared/scur0200/stablewm_data/runs/hi_lewm_p2_train_latent_action_dim_32_stride_5_n4_22569364/eval_hier_staged_d50_job_22605291/rollout_22.mp4
FAIL	eval_index=23	episode_id=10169	start_step=111	video_path=/scratch-shared/scur0200/stablewm_data/runs/hi_lewm_p2_train_latent_action_dim_32_stride_5_n4_22569364/eval_hier_staged_d50_job_22605291/rollout_23.mp4
PASS	eval_index=24	episode_id=10420	start_step=70	video_path=/scratch-shared/scur0200/stablewm_data/runs/hi_lewm_p2_train_latent_action_dim_32_stride_5_n4_22569364/eval_hier_staged_d50_job_22605291/rollout_24.mp4
FAIL	eval_index=25	episode_id=10568	start_step=2	video_path=/scratch-shared/scur0200/stablewm_data/runs/hi_lewm_p2_train_latent_action_dim_32_stride_5_n4_22569364/eval_hier_staged_d50_job_22605291/rollout_25.mp4
FAIL	eval_index=26	episode_id=11766	start_step=73	video_path=/scratch-shared/scur0200/stablewm_data/runs/hi_lewm_p2_train_latent_action_dim_32_stride_5_n4_22569364/eval_hier_staged_d50_job_22605291/rollout_26.mp4
PASS	eval_index=27	episode_id=12052	start_step=55	video_path=/scratch-shared/scur0200/stablewm_data/runs/hi_lewm_p2_train_latent_action_dim_32_stride_5_n4_22569364/eval_hier_staged_d50_job_22605291/rollout_27.mp4
FAIL	eval_index=28	episode_id=12219	start_step=33	video_path=/scratch-shared/scur0200/stablewm_data/runs/hi_lewm_p2_train_latent_action_dim_32_stride_5_n4_22569364/eval_hier_staged_d50_job_22605291/rollout_28.mp4
FAIL	eval_index=29	episode_id=12580	start_step=31	video_path=/scratch-shared/scur0200/stablewm_data/runs/hi_lewm_p2_train_latent_action_dim_32_stride_5_n4_22569364/eval_hier_staged_d50_job_22605291/rollout_29.mp4
PASS	eval_index=30	episode_id=12934	start_step=38	video_path=/scratch-shared/scur0200/stablewm_data/runs/hi_lewm_p2_train_latent_action_dim_32_stride_5_n4_22569364/eval_hier_staged_d50_job_22605291/rollout_30.mp4
PASS	eval_index=31	episode_id=13006	start_step=23	video_path=/scratch-shared/scur0200/stablewm_data/runs/hi_lewm_p2_train_latent_action_dim_32_stride_5_n4_22569364/eval_hier_staged_d50_job_22605291/rollout_31.mp4
FAIL	eval_index=32	episode_id=13279	start_step=41	video_path=/scratch-shared/scur0200/stablewm_data/runs/hi_lewm_p2_train_latent_action_dim_32_stride_5_n4_22569364/eval_hier_staged_d50_job_22605291/rollout_32.mp4
PASS	eval_index=33	episode_id=13528	start_step=16	video_path=/scratch-shared/scur0200/stablewm_data/runs/hi_lewm_p2_train_latent_action_dim_32_stride_5_n4_22569364/eval_hier_staged_d50_job_22605291/rollout_33.mp4
FAIL	eval_index=34	episode_id=14008	start_step=17	video_path=/scratch-shared/scur0200/stablewm_data/runs/hi_lewm_p2_train_latent_action_dim_32_stride_5_n4_22569364/eval_hier_staged_d50_job_22605291/rollout_34.mp4
FAIL	eval_index=35	episode_id=14047	start_step=11	video_path=/scratch-shared/scur0200/stablewm_data/runs/hi_lewm_p2_train_latent_action_dim_32_stride_5_n4_22569364/eval_hier_staged_d50_job_22605291/rollout_35.mp4
FAIL	eval_index=36	episode_id=14249	start_step=23	video_path=/scratch-shared/scur0200/stablewm_data/runs/hi_lewm_p2_train_latent_action_dim_32_stride_5_n4_22569364/eval_hier_staged_d50_job_22605291/rollout_36.mp4
PASS	eval_index=37	episode_id=14384	start_step=12	video_path=/scratch-shared/scur0200/stablewm_data/runs/hi_lewm_p2_train_latent_action_dim_32_stride_5_n4_22569364/eval_hier_staged_d50_job_22605291/rollout_37.mp4
FAIL	eval_index=38	episode_id=14451	start_step=66	video_path=/scratch-shared/scur0200/stablewm_data/runs/hi_lewm_p2_train_latent_action_dim_32_stride_5_n4_22569364/eval_hier_staged_d50_job_22605291/rollout_38.mp4
FAIL	eval_index=39	episode_id=14497	start_step=110	video_path=/scratch-shared/scur0200/stablewm_data/runs/hi_lewm_p2_train_latent_action_dim_32_stride_5_n4_22569364/eval_hier_staged_d50_job_22605291/rollout_39.mp4
PASS	eval_index=40	episode_id=15240	start_step=84	video_path=/scratch-shared/scur0200/stablewm_data/runs/hi_lewm_p2_train_latent_action_dim_32_stride_5_n4_22569364/eval_hier_staged_d50_job_22605291/rollout_40.mp4
FAIL	eval_index=41	episode_id=15403	start_step=11	video_path=/scratch-shared/scur0200/stablewm_data/runs/hi_lewm_p2_train_latent_action_dim_32_stride_5_n4_22569364/eval_hier_staged_d50_job_22605291/rollout_41.mp4
PASS	eval_index=42	episode_id=15703	start_step=66	video_path=/scratch-shared/scur0200/stablewm_data/runs/hi_lewm_p2_train_latent_action_dim_32_stride_5_n4_22569364/eval_hier_staged_d50_job_22605291/rollout_42.mp4
FAIL	eval_index=43	episode_id=16012	start_step=55	video_path=/scratch-shared/scur0200/stablewm_data/runs/hi_lewm_p2_train_latent_action_dim_32_stride_5_n4_22569364/eval_hier_staged_d50_job_22605291/rollout_43.mp4
PASS	eval_index=44	episode_id=16015	start_step=74	video_path=/scratch-shared/scur0200/stablewm_data/runs/hi_lewm_p2_train_latent_action_dim_32_stride_5_n4_22569364/eval_hier_staged_d50_job_22605291/rollout_44.mp4
FAIL	eval_index=45	episode_id=16310	start_step=28	video_path=/scratch-shared/scur0200/stablewm_data/runs/hi_lewm_p2_train_latent_action_dim_32_stride_5_n4_22569364/eval_hier_staged_d50_job_22605291/rollout_45.mp4
PASS	eval_index=46	episode_id=16452	start_step=31	video_path=/scratch-shared/scur0200/stablewm_data/runs/hi_lewm_p2_train_latent_action_dim_32_stride_5_n4_22569364/eval_hier_staged_d50_job_22605291/rollout_46.mp4
PASS	eval_index=47	episode_id=17246	start_step=56	video_path=/scratch-shared/scur0200/stablewm_data/runs/hi_lewm_p2_train_latent_action_dim_32_stride_5_n4_22569364/eval_hier_staged_d50_job_22605291/rollout_47.mp4
PASS	eval_index=48	episode_id=17881	start_step=64	video_path=/scratch-shared/scur0200/stablewm_data/runs/hi_lewm_p2_train_latent_action_dim_32_stride_5_n4_22569364/eval_hier_staged_d50_job_22605291/rollout_48.mp4
PASS	eval_index=49	episode_id=17961	start_step=58	video_path=/scratch-shared/scur0200/stablewm_data/runs/hi_lewm_p2_train_latent_action_dim_32_stride_5_n4_22569364/eval_hier_staged_d50_job_22605291/rollout_49.mp4
==== FAILED EPISODES ====
FAIL	eval_index=1	episode_id=1328	start_step=1	video_path=/scratch-shared/scur0200/stablewm_data/runs/hi_lewm_p2_train_latent_action_dim_32_stride_5_n4_22569364/eval_hier_staged_d50_job_22605291/rollout_1.mp4
FAIL	eval_index=3	episode_id=1702	start_step=30	video_path=/scratch-shared/scur0200/stablewm_data/runs/hi_lewm_p2_train_latent_action_dim_32_stride_5_n4_22569364/eval_hier_staged_d50_job_22605291/rollout_3.mp4
FAIL	eval_index=4	episode_id=1786	start_step=15	video_path=/scratch-shared/scur0200/stablewm_data/runs/hi_lewm_p2_train_latent_action_dim_32_stride_5_n4_22569364/eval_hier_staged_d50_job_22605291/rollout_4.mp4
FAIL	eval_index=5	episode_id=1866	start_step=12	video_path=/scratch-shared/scur0200/stablewm_data/runs/hi_lewm_p2_train_latent_action_dim_32_stride_5_n4_22569364/eval_hier_staged_d50_job_22605291/rollout_5.mp4
FAIL	eval_index=6	episode_id=2702	start_step=60	video_path=/scratch-shared/scur0200/stablewm_data/runs/hi_lewm_p2_train_latent_action_dim_32_stride_5_n4_22569364/eval_hier_staged_d50_job_22605291/rollout_6.mp4
FAIL	eval_index=9	episode_id=3854	start_step=88	video_path=/scratch-shared/scur0200/stablewm_data/runs/hi_lewm_p2_train_latent_action_dim_32_stride_5_n4_22569364/eval_hier_staged_d50_job_22605291/rollout_9.mp4
FAIL	eval_index=10	episode_id=4341	start_step=25	video_path=/scratch-shared/scur0200/stablewm_data/runs/hi_lewm_p2_train_latent_action_dim_32_stride_5_n4_22569364/eval_hier_staged_d50_job_22605291/rollout_10.mp4
FAIL	eval_index=13	episode_id=7009	start_step=39	video_path=/scratch-shared/scur0200/stablewm_data/runs/hi_lewm_p2_train_latent_action_dim_32_stride_5_n4_22569364/eval_hier_staged_d50_job_22605291/rollout_13.mp4
FAIL	eval_index=14	episode_id=7594	start_step=13	video_path=/scratch-shared/scur0200/stablewm_data/runs/hi_lewm_p2_train_latent_action_dim_32_stride_5_n4_22569364/eval_hier_staged_d50_job_22605291/rollout_14.mp4
FAIL	eval_index=16	episode_id=8338	start_step=64	video_path=/scratch-shared/scur0200/stablewm_data/runs/hi_lewm_p2_train_latent_action_dim_32_stride_5_n4_22569364/eval_hier_staged_d50_job_22605291/rollout_16.mp4
FAIL	eval_index=17	episode_id=8396	start_step=15	video_path=/scratch-shared/scur0200/stablewm_data/runs/hi_lewm_p2_train_latent_action_dim_32_stride_5_n4_22569364/eval_hier_staged_d50_job_22605291/rollout_17.mp4
FAIL	eval_index=18	episode_id=8432	start_step=7	video_path=/scratch-shared/scur0200/stablewm_data/runs/hi_lewm_p2_train_latent_action_dim_32_stride_5_n4_22569364/eval_hier_staged_d50_job_22605291/rollout_18.mp4
FAIL	eval_index=19	episode_id=8519	start_step=31	video_path=/scratch-shared/scur0200/stablewm_data/runs/hi_lewm_p2_train_latent_action_dim_32_stride_5_n4_22569364/eval_hier_staged_d50_job_22605291/rollout_19.mp4
FAIL	eval_index=22	episode_id=9945	start_step=66	video_path=/scratch-shared/scur0200/stablewm_data/runs/hi_lewm_p2_train_latent_action_dim_32_stride_5_n4_22569364/eval_hier_staged_d50_job_22605291/rollout_22.mp4
FAIL	eval_index=23	episode_id=10169	start_step=111	video_path=/scratch-shared/scur0200/stablewm_data/runs/hi_lewm_p2_train_latent_action_dim_32_stride_5_n4_22569364/eval_hier_staged_d50_job_22605291/rollout_23.mp4
FAIL	eval_index=25	episode_id=10568	start_step=2	video_path=/scratch-shared/scur0200/stablewm_data/runs/hi_lewm_p2_train_latent_action_dim_32_stride_5_n4_22569364/eval_hier_staged_d50_job_22605291/rollout_25.mp4
FAIL	eval_index=26	episode_id=11766	start_step=73	video_path=/scratch-shared/scur0200/stablewm_data/runs/hi_lewm_p2_train_latent_action_dim_32_stride_5_n4_22569364/eval_hier_staged_d50_job_22605291/rollout_26.mp4
FAIL	eval_index=28	episode_id=12219	start_step=33	video_path=/scratch-shared/scur0200/stablewm_data/runs/hi_lewm_p2_train_latent_action_dim_32_stride_5_n4_22569364/eval_hier_staged_d50_job_22605291/rollout_28.mp4
FAIL	eval_index=29	episode_id=12580	start_step=31	video_path=/scratch-shared/scur0200/stablewm_data/runs/hi_lewm_p2_train_latent_action_dim_32_stride_5_n4_22569364/eval_hier_staged_d50_job_22605291/rollout_29.mp4
FAIL	eval_index=32	episode_id=13279	start_step=41	video_path=/scratch-shared/scur0200/stablewm_data/runs/hi_lewm_p2_train_latent_action_dim_32_stride_5_n4_22569364/eval_hier_staged_d50_job_22605291/rollout_32.mp4
FAIL	eval_index=34	episode_id=14008	start_step=17	video_path=/scratch-shared/scur0200/stablewm_data/runs/hi_lewm_p2_train_latent_action_dim_32_stride_5_n4_22569364/eval_hier_staged_d50_job_22605291/rollout_34.mp4
FAIL	eval_index=35	episode_id=14047	start_step=11	video_path=/scratch-shared/scur0200/stablewm_data/runs/hi_lewm_p2_train_latent_action_dim_32_stride_5_n4_22569364/eval_hier_staged_d50_job_22605291/rollout_35.mp4
FAIL	eval_index=36	episode_id=14249	start_step=23	video_path=/scratch-shared/scur0200/stablewm_data/runs/hi_lewm_p2_train_latent_action_dim_32_stride_5_n4_22569364/eval_hier_staged_d50_job_22605291/rollout_36.mp4
FAIL	eval_index=38	episode_id=14451	start_step=66	video_path=/scratch-shared/scur0200/stablewm_data/runs/hi_lewm_p2_train_latent_action_dim_32_stride_5_n4_22569364/eval_hier_staged_d50_job_22605291/rollout_38.mp4
FAIL	eval_index=39	episode_id=14497	start_step=110	video_path=/scratch-shared/scur0200/stablewm_data/runs/hi_lewm_p2_train_latent_action_dim_32_stride_5_n4_22569364/eval_hier_staged_d50_job_22605291/rollout_39.mp4
FAIL	eval_index=41	episode_id=15403	start_step=11	video_path=/scratch-shared/scur0200/stablewm_data/runs/hi_lewm_p2_train_latent_action_dim_32_stride_5_n4_22569364/eval_hier_staged_d50_job_22605291/rollout_41.mp4
FAIL	eval_index=43	episode_id=16012	start_step=55	video_path=/scratch-shared/scur0200/stablewm_data/runs/hi_lewm_p2_train_latent_action_dim_32_stride_5_n4_22569364/eval_hier_staged_d50_job_22605291/rollout_43.mp4
FAIL	eval_index=45	episode_id=16310	start_step=28	video_path=/scratch-shared/scur0200/stablewm_data/runs/hi_lewm_p2_train_latent_action_dim_32_stride_5_n4_22569364/eval_hier_staged_d50_job_22605291/rollout_45.mp4
==== PASSED EPISODES ====
PASS	eval_index=0	episode_id=1251	start_step=35	video_path=/scratch-shared/scur0200/stablewm_data/runs/hi_lewm_p2_train_latent_action_dim_32_stride_5_n4_22569364/eval_hier_staged_d50_job_22605291/rollout_0.mp4
PASS	eval_index=2	episode_id=1649	start_step=6	video_path=/scratch-shared/scur0200/stablewm_data/runs/hi_lewm_p2_train_latent_action_dim_32_stride_5_n4_22569364/eval_hier_staged_d50_job_22605291/rollout_2.mp4
PASS	eval_index=7	episode_id=3211	start_step=65	video_path=/scratch-shared/scur0200/stablewm_data/runs/hi_lewm_p2_train_latent_action_dim_32_stride_5_n4_22569364/eval_hier_staged_d50_job_22605291/rollout_7.mp4
PASS	eval_index=8	episode_id=3557	start_step=24	video_path=/scratch-shared/scur0200/stablewm_data/runs/hi_lewm_p2_train_latent_action_dim_32_stride_5_n4_22569364/eval_hier_staged_d50_job_22605291/rollout_8.mp4
PASS	eval_index=11	episode_id=5115	start_step=52	video_path=/scratch-shared/scur0200/stablewm_data/runs/hi_lewm_p2_train_latent_action_dim_32_stride_5_n4_22569364/eval_hier_staged_d50_job_22605291/rollout_11.mp4
PASS	eval_index=12	episode_id=6664	start_step=37	video_path=/scratch-shared/scur0200/stablewm_data/runs/hi_lewm_p2_train_latent_action_dim_32_stride_5_n4_22569364/eval_hier_staged_d50_job_22605291/rollout_12.mp4
PASS	eval_index=15	episode_id=8267	start_step=73	video_path=/scratch-shared/scur0200/stablewm_data/runs/hi_lewm_p2_train_latent_action_dim_32_stride_5_n4_22569364/eval_hier_staged_d50_job_22605291/rollout_15.mp4
PASS	eval_index=20	episode_id=8521	start_step=30	video_path=/scratch-shared/scur0200/stablewm_data/runs/hi_lewm_p2_train_latent_action_dim_32_stride_5_n4_22569364/eval_hier_staged_d50_job_22605291/rollout_20.mp4
PASS	eval_index=21	episode_id=9692	start_step=58	video_path=/scratch-shared/scur0200/stablewm_data/runs/hi_lewm_p2_train_latent_action_dim_32_stride_5_n4_22569364/eval_hier_staged_d50_job_22605291/rollout_21.mp4
PASS	eval_index=24	episode_id=10420	start_step=70	video_path=/scratch-shared/scur0200/stablewm_data/runs/hi_lewm_p2_train_latent_action_dim_32_stride_5_n4_22569364/eval_hier_staged_d50_job_22605291/rollout_24.mp4
PASS	eval_index=27	episode_id=12052	start_step=55	video_path=/scratch-shared/scur0200/stablewm_data/runs/hi_lewm_p2_train_latent_action_dim_32_stride_5_n4_22569364/eval_hier_staged_d50_job_22605291/rollout_27.mp4
PASS	eval_index=30	episode_id=12934	start_step=38	video_path=/scratch-shared/scur0200/stablewm_data/runs/hi_lewm_p2_train_latent_action_dim_32_stride_5_n4_22569364/eval_hier_staged_d50_job_22605291/rollout_30.mp4
PASS	eval_index=31	episode_id=13006	start_step=23	video_path=/scratch-shared/scur0200/stablewm_data/runs/hi_lewm_p2_train_latent_action_dim_32_stride_5_n4_22569364/eval_hier_staged_d50_job_22605291/rollout_31.mp4
PASS	eval_index=33	episode_id=13528	start_step=16	video_path=/scratch-shared/scur0200/stablewm_data/runs/hi_lewm_p2_train_latent_action_dim_32_stride_5_n4_22569364/eval_hier_staged_d50_job_22605291/rollout_33.mp4
PASS	eval_index=37	episode_id=14384	start_step=12	video_path=/scratch-shared/scur0200/stablewm_data/runs/hi_lewm_p2_train_latent_action_dim_32_stride_5_n4_22569364/eval_hier_staged_d50_job_22605291/rollout_37.mp4
PASS	eval_index=40	episode_id=15240	start_step=84	video_path=/scratch-shared/scur0200/stablewm_data/runs/hi_lewm_p2_train_latent_action_dim_32_stride_5_n4_22569364/eval_hier_staged_d50_job_22605291/rollout_40.mp4
PASS	eval_index=42	episode_id=15703	start_step=66	video_path=/scratch-shared/scur0200/stablewm_data/runs/hi_lewm_p2_train_latent_action_dim_32_stride_5_n4_22569364/eval_hier_staged_d50_job_22605291/rollout_42.mp4
PASS	eval_index=44	episode_id=16015	start_step=74	video_path=/scratch-shared/scur0200/stablewm_data/runs/hi_lewm_p2_train_latent_action_dim_32_stride_5_n4_22569364/eval_hier_staged_d50_job_22605291/rollout_44.mp4
PASS	eval_index=46	episode_id=16452	start_step=31	video_path=/scratch-shared/scur0200/stablewm_data/runs/hi_lewm_p2_train_latent_action_dim_32_stride_5_n4_22569364/eval_hier_staged_d50_job_22605291/rollout_46.mp4
PASS	eval_index=47	episode_id=17246	start_step=56	video_path=/scratch-shared/scur0200/stablewm_data/runs/hi_lewm_p2_train_latent_action_dim_32_stride_5_n4_22569364/eval_hier_staged_d50_job_22605291/rollout_47.mp4
PASS	eval_index=48	episode_id=17881	start_step=64	video_path=/scratch-shared/scur0200/stablewm_data/runs/hi_lewm_p2_train_latent_action_dim_32_stride_5_n4_22569364/eval_hier_staged_d50_job_22605291/rollout_48.mp4
PASS	eval_index=49	episode_id=17961	start_step=58	video_path=/scratch-shared/scur0200/stablewm_data/runs/hi_lewm_p2_train_latent_action_dim_32_stride_5_n4_22569364/eval_hier_staged_d50_job_22605291/rollout_49.mp4
Saved episode manifest to /scratch-shared/scur0200/stablewm_data/runs/hi_lewm_p2_train_latent_action_dim_32_stride_5_n4_22569364/eval_hier_staged_d50_job_22605291/hi_lewm_p2_train_latent_action_dim_32_stride_5_n4_22569364_epoch_15_hi_pusht_results_d50_staged_episodes.tsv

Staged diagnostic finished.
